The zookeeper begins shaking the animals awake
Hi, this is the Zoo Announcer. The Zookeeper is about to wake the animals!
Henry the Hippo woke Up!
Harry the Hippo woke Up!
Edward the Elephant woke Up!
Elice the Elephant woke Up!
Ricky the Rhino woke Up!
Rachael the Rhino woke Up!
Tim the Tiger woke Up!
Tammy the Tiger woke Up!
Lucas the Lion woke Up!
Lucy the Lion woke Up!
Carey the Cat says MEOW!
Coswald the Cat is sleeping...
Wendy the Wolf woke Up!
Will the Wolf woke Up!
Dingo the Dog woke Up!
Darby the Dog woke Up!

The zookeeper starts roll Calling animals
Henry the Hippo says HUNGRY!
Harry the Hippo says HUNGRY!
Edward the Elephant screams AAAAEEEEERRRRRRR
Elice the Elephant screams AAAAEEEEERRRRRRR
Ricky the Rhino just grunts
Rachael the Rhino just grunts
Tim the Tiger says rawr
Tammy the Tiger says rawr
Lucas the Lion roars
Lucy the Lion roars
Carey the Cat daintily picks at the food
Coswald the Cat says MEOW!
Wendy the Wolf howls
Will the Wolf howls
Dingo the Dog barks
Darby the Dog barks

The Zookeeper feeds all the animals pizza
Henry the Hippo is getting the food everywhere
Harry the Hippo is getting the food everywhere
Edward the Elephant is getting the food everywhere
Elice the Elephant is getting the food everywhere
Ricky the Rhino is getting the food everywhere
Rachael the Rhino is getting the food everywhere
Tim the Tiger daintily picks at the food
Tammy the Tiger daintily picks at the food
Lucas the Lion daintily picks at the food
Lucy the Lion daintily picks at the food
Carey the Cat is sleeping...
Coswald the Cat says MEOW!
Wendy the Wolf ferociously chows down
Will the Wolf ferociously chows down
Dingo the Dog ferociously chows down
Darby the Dog ferociously chows down

The zookeeper gets out his coaching whistle and excercises the animals
Henry the Hippo is roaming like a pachyderm!
Harry the Hippo is roaming like a pachyderm!
Edward the Elephant is roaming like a pachyderm!
Elice the Elephant is roaming like a pachyderm!
Ricky the Rhino is roaming like a pachyderm!
Rachael the Rhino is roaming like a pachyderm!
Tim the Tiger is roaming like a feline!
Tammy the Tiger is roaming like a feline!
Lucas the Lion is roaming like a feline!
Lucy the Lion is roaming like a feline!
Carey the Cat says MEOW!
Coswald the Cat is roaming
Wendy the Wolf is roaming like a canine!
Will the Wolf is roaming like a canine!
Dingo the Dog is roaming like a canine!
Darby the Dog is roaming like a canine!

The zookeeper locks the gate and reads the animals a bedtime story
Henry the Hippo is going to sleep...
Harry the Hippo is going to sleep...
Edward the Elephant is going to sleep...
Elice the Elephant is going to sleep...
Ricky the Rhino is going to sleep...
Rachael the Rhino is going to sleep...
Tim the Tiger is going to sleep...
Tammy the Tiger is going to sleep...
Lucas the Lion is going to sleep...
Lucy the Lion is going to sleep...
Carey the Cat is roaming
Coswald the Cat is sleeping...
Wendy the Wolf is going to sleep...
Will the Wolf is going to sleep...
Dingo the Dog is going to sleep...
Darby the Dog is going to sleep...
zoo anouncer deconstructs

